[2026-03-06 00:17:03] === Monitor started ===
[2026-03-06 00:17:03] Training log: /home/galic/nanochat-rs-ternary/training/5090_v2_train.log
[2026-03-06 00:17:03] Check interval: 3600s
[2026-03-06 00:17:03] --- Hourly Check ---
[2026-03-06 00:17:03] RUNNING: step=250 loss=6.8278 temp=54C util=83%
[2026-03-06 00:17:04] Pushed to 5090
[2026-03-06 01:17:04] --- Hourly Check ---
[2026-03-06 01:17:04] RUNNING: step=3600 loss=3.7336 temp=57C util=79%
[2026-03-06 01:17:04] Pushed to 5090
[2026-03-06 02:17:04] --- Hourly Check ---
[2026-03-06 02:17:04] RUNNING: step=6950 loss=3.3555 temp=55C util=85%
[2026-03-06 02:17:05] Pushed to 5090
[2026-03-06 03:17:05] --- Hourly Check ---
[2026-03-06 03:17:05] RUNNING: step=10300 loss=3.4284 temp=54C util=81%
[2026-03-06 03:17:06] Pushed to 5090
[2026-03-06 04:17:06] --- Hourly Check ---
[2026-03-06 04:17:06] RUNNING: step=13650 loss=3.6048 temp=55C util=88%
[2026-03-06 04:17:07] Pushed to 5090
[2026-03-06 05:17:07] --- Hourly Check ---
[2026-03-06 05:17:07] RUNNING: step=17000 loss=3.7764 temp=57C util=89%
[2026-03-06 05:17:07] Pushed to 5090
[2026-03-06 06:17:07] --- Hourly Check ---
[2026-03-06 06:17:07] RUNNING: step=20350 loss=3.9961 temp=52C util=83%
[2026-03-06 06:17:08] Pushed to 5090
[2026-03-06 06:50:01] === Monitor started (v3) ===
[2026-03-06 06:50:01] Training log: /home/galic/nanochat-rs-ternary/training/5090_v3_train.log
[2026-03-06 06:50:01] Check interval: 1800s (30 min)
[2026-03-06 06:50:01] --- 30-min Check ---
[2026-03-06 06:50:01] RUNNING: step=0 loss=3.6174 gnorm=2.19 temp=53C util=89%
[2026-03-06 06:50:02] Pushed to 5090
[2026-03-06 07:20:02] --- 30-min Check ---
[2026-03-06 07:20:02] RUNNING: step=0 loss=3.3279 gnorm=1.84 temp=55C util=75%
[2026-03-06 07:20:03] Pushed to 5090
[2026-03-06 07:50:03] --- 30-min Check ---
[2026-03-06 07:50:03] RUNNING: step=0 loss=3.3198 gnorm=1.83 temp=56C util=65%
[2026-03-06 07:50:03] Pushed to 5090
[2026-03-06 08:20:03] --- 30-min Check ---
[2026-03-06 08:20:03] RUNNING: step=0 loss=3.1930 gnorm=1.91 temp=54C util=88%
[2026-03-06 08:20:04] Pushed to 5090
[2026-03-06 08:50:04] --- 30-min Check ---
[2026-03-06 08:50:04] RUNNING: step=0 loss=3.1558 gnorm=2.01 temp=51C util=71%
[2026-03-06 08:50:05] Pushed to 5090
[2026-03-06 09:20:05] --- 30-min Check ---
[2026-03-06 09:20:05] RUNNING: step=0 loss=3.0970 gnorm=1.94 temp=55C util=71%
[2026-03-06 09:20:06] Pushed to 5090
[2026-03-06 09:50:06] --- 30-min Check ---
[2026-03-06 09:50:06] RUNNING: step=0 loss=3.0611 gnorm=1.98 temp=56C util=88%
[2026-03-06 09:50:07] Pushed to 5090
[2026-03-06 10:20:07] --- 30-min Check ---
[2026-03-06 10:20:07] RUNNING: step=0 loss=2.9563 gnorm=1.91 temp=53C util=89%
[2026-03-06 10:20:07] Pushed to 5090
[2026-03-06 10:50:07] --- 30-min Check ---
[2026-03-06 10:50:08] RUNNING: step=0 loss=3.0590 gnorm=1.95 temp=54C util=63%
[2026-03-06 10:50:08] Pushed to 5090
[2026-03-06 11:20:08] --- 30-min Check ---
[2026-03-06 11:20:08] RUNNING: step=0 loss=2.8988 gnorm=1.83 temp=54C util=58%
[2026-03-06 11:20:09] Pushed to 5090
[2026-03-06 11:50:09] --- 30-min Check ---
[2026-03-06 11:50:09] RUNNING: step=0 loss=2.8486 gnorm=1.72 temp=53C util=76%
[2026-03-06 11:50:10] Pushed to 5090
[2026-03-06 12:20:10] --- 30-min Check ---
[2026-03-06 12:20:10] RUNNING: step=0 loss=2.8830 gnorm=1.75 temp=56C util=49%
[2026-03-06 12:20:11] Pushed to 5090
[2026-03-06 12:50:11] --- 30-min Check ---
[2026-03-06 12:50:11] RUNNING: step=0 loss=2.8196 gnorm=1.63 temp=53C util=85%
[2026-03-06 12:50:12] Pushed to 5090
[2026-03-06 13:20:12] --- 30-min Check ---
[2026-03-06 13:20:12] RUNNING: step=0 loss=2.7938 gnorm=1.55 temp=52C util=71%
[2026-03-06 13:20:12] Pushed to 5090
[2026-03-06 13:50:12] --- 30-min Check ---
[2026-03-06 13:50:12] RUNNING: step=0 loss=2.6878 gnorm=1.46 temp=54C util=88%
[2026-03-06 13:50:13] Pushed to 5090
[2026-03-06 14:20:13] --- 30-min Check ---
[2026-03-06 14:20:13] RUNNING: step=0 loss=2.6393 gnorm=1.44 temp=52C util=78%
[2026-03-06 14:20:14] Pushed to 5090
[2026-03-06 14:48:24] === Monitor started (v3) ===
[2026-03-06 14:48:24] Training log: /home/galic/nanochat-rs-ternary/training/5090_v4_train.log
[2026-03-06 14:48:24] Check interval: 1800s (30 min)
[2026-03-06 14:48:24] --- 30-min Check ---
[2026-03-06 14:48:25] RUNNING: step=0 loss= gnorm= temp=50C util=44%
[2026-03-06 14:48:25] Pushed to 5090
[2026-03-06 15:18:25] --- 30-min Check ---
[2026-03-06 15:18:26] RUNNING: step=0 loss=4.1080 gnorm=2.37 temp=50C util=45%
[2026-03-06 15:18:27] Pushed to 5090
[2026-03-06 15:48:27] --- 30-min Check ---
[2026-03-06 15:48:28] RUNNING: step=0 loss=3.9928 gnorm=2.18 temp=46C util=48%
[2026-03-06 15:48:28] Pushed to 5090
[2026-03-06 16:18:28] --- 30-min Check ---
[2026-03-06 16:18:29] RUNNING: step=0 loss=3.7125 gnorm=2.17 temp=51C util=74%
